This file contains any messages produced by compilers while
running configure, to aid debugging if configure makes a mistake.

It was created by WebKit configure 1.6.1, which was
generated by GNU Autoconf 2.68.  Invocation command line was

  $ ../../configure --with-gtk=2.0 --enable-fast-mobile-scrolling --with-font-backend=freetype --disable-spellcheck --disable-request-animation-frame --disable-3d-canvas --disable-3d-rendering --disable-accelerated-2d-canvas --disable-animation-api --enable-blob --enable-channel-messaging --disable-client-based-geolocation --disable-css3-flexbox --disable-coverage --enable-sql-database --enable-datalist --disable-data-transfer-items --enable-details --disable-device-orientation --disable-directory-upload --enable-dom-storage --disable-file-system --enable-filters --enable-fullscreen-api --disable-geolocation --enable-icon-database --disable-indexed-database --disable-input-color --disable-input-speech --enable-inspector --enable-javascript-debugger --disable-link-prefetch --disable-mathml --disable-media-source --disable-media-statistics --disable-media-stream --enable-meter-tag --disable-mhtml --enable-netscape-plugin --disable-notifications --enable-offline-web-applications --disable-orientation-events --disable-page-visibility-api --enable-progress-tag --disable-quota --disable-register-protocol-handler --disable-system-malloc --enable-shared-workers --disable-svg --disable-svg-dom-objc-bindings --disable-svg-fonts --disable-tiled-backing-store --disable-touch-events --disable-touch-icon-loading --enable-video --disable-wcss --disable-web-audio --enable-web-sockets --disable-web-timing --enable-workers --disable-xhtmlmp --enable-xpath --enable-xslt --enable-debug

## --------- ##
## Platform. ##
## --------- ##

hostname = ubuntu
uname -m = i686
uname -r = 3.11.0-15-generic
uname -s = Linux
uname -v = #25~precise1-Ubuntu SMP Thu Jan 30 17:42:40 UTC 2014

/usr/bin/uname -p = unknown
/bin/uname -X     = unknown

/bin/arch              = unknown
/usr/bin/arch -k       = unknown
/usr/convex/getsysinfo = unknown
/usr/bin/hostinfo      = unknown
/bin/machine           = unknown
/usr/bin/oslevel       = unknown
/bin/universe          = unknown

PATH: /usr/lib/lightdm/lightdm
PATH: /usr/local/sbin
PATH: /usr/local/bin
PATH: /usr/sbin
PATH: /usr/bin
PATH: /sbin
PATH: /bin
PATH: /usr/games
PATH: /opt/sublime_text_2


## ----------- ##
## Core tests. ##
## ----------- ##

configure:2929: checking build system type
configure:2943: result: i686-pc-linux-gnu
configure:2963: checking host system type
configure:2976: result: i686-pc-linux-gnu
configure:3029: checking for a BSD-compatible install
configure:3097: result: /usr/bin/install -c
configure:3108: checking whether build environment is sane
configure:3158: result: yes
configure:3299: checking for a thread-safe mkdir -p
configure:3338: result: /bin/mkdir -p
configure:3351: checking for gawk
configure:3367: found /usr/bin/gawk
configure:3378: result: gawk
configure:3389: checking whether make sets $(MAKE)
configure:3411: result: yes
configure:3435: error: source directory already configured; run "make distclean" there first

## ---------------- ##
## Cache variables. ##
## ---------------- ##

ac_cv_build=i686-pc-linux-gnu
ac_cv_env_CAIRO_CFLAGS_set=
ac_cv_env_CAIRO_CFLAGS_value=
ac_cv_env_CAIRO_LIBS_set=
ac_cv_env_CAIRO_LIBS_value=
ac_cv_env_CCC_set=
ac_cv_env_CCC_value=
ac_cv_env_CC_set=
ac_cv_env_CC_value=
ac_cv_env_CFLAGS_set=
ac_cv_env_CFLAGS_value=
ac_cv_env_CPPFLAGS_set=
ac_cv_env_CPPFLAGS_value=
ac_cv_env_CPP_set=
ac_cv_env_CPP_value=
ac_cv_env_CXXCPP_set=
ac_cv_env_CXXCPP_value=
ac_cv_env_CXXFLAGS_set=
ac_cv_env_CXXFLAGS_value=
ac_cv_env_CXX_set=
ac_cv_env_CXX_value=
ac_cv_env_ENCHANT_CFLAGS_set=
ac_cv_env_ENCHANT_CFLAGS_value=
ac_cv_env_ENCHANT_LIBS_set=
ac_cv_env_ENCHANT_LIBS_value=
ac_cv_env_FREETYPE_CFLAGS_set=
ac_cv_env_FREETYPE_CFLAGS_value=
ac_cv_env_FREETYPE_LIBS_set=
ac_cv_env_FREETYPE_LIBS_value=
ac_cv_env_GAIL_CFLAGS_set=
ac_cv_env_GAIL_CFLAGS_value=
ac_cv_env_GAIL_LIBS_set=
ac_cv_env_GAIL_LIBS_value=
ac_cv_env_GEOCLUE_CFLAGS_set=
ac_cv_env_GEOCLUE_CFLAGS_value=
ac_cv_env_GEOCLUE_LIBS_set=
ac_cv_env_GEOCLUE_LIBS_value=
ac_cv_env_GTK2_CFLAGS_set=
ac_cv_env_GTK2_CFLAGS_value=
ac_cv_env_GTK2_LIBS_set=
ac_cv_env_GTK2_LIBS_value=
ac_cv_env_GTK_CFLAGS_set=
ac_cv_env_GTK_CFLAGS_value=
ac_cv_env_GTK_LIBS_set=
ac_cv_env_GTK_LIBS_value=
ac_cv_env_HILDON_CFLAGS_set=
ac_cv_env_HILDON_CFLAGS_value=
ac_cv_env_HILDON_LIBS_set=
ac_cv_env_HILDON_LIBS_value=
ac_cv_env_INTROSPECTION_CFLAGS_set=
ac_cv_env_INTROSPECTION_CFLAGS_value=
ac_cv_env_INTROSPECTION_LIBS_set=
ac_cv_env_INTROSPECTION_LIBS_value=
ac_cv_env_LDFLAGS_set=
ac_cv_env_LDFLAGS_value=
ac_cv_env_LIBSOUP_CFLAGS_set=
ac_cv_env_LIBSOUP_CFLAGS_value=
ac_cv_env_LIBSOUP_LIBS_set=
ac_cv_env_LIBSOUP_LIBS_value=
ac_cv_env_LIBS_set=
ac_cv_env_LIBS_value=
ac_cv_env_LIBXML_CFLAGS_set=
ac_cv_env_LIBXML_CFLAGS_value=
ac_cv_env_LIBXML_LIBS_set=
ac_cv_env_LIBXML_LIBS_value=
ac_cv_env_LIBXSLT_CFLAGS_set=
ac_cv_env_LIBXSLT_CFLAGS_value=
ac_cv_env_LIBXSLT_LIBS_set=
ac_cv_env_LIBXSLT_LIBS_value=
ac_cv_env_PANGO_CFLAGS_set=
ac_cv_env_PANGO_CFLAGS_value=
ac_cv_env_PANGO_LIBS_set=
ac_cv_env_PANGO_LIBS_value=
ac_cv_env_PKG_CONFIG_LIBDIR_set=
ac_cv_env_PKG_CONFIG_LIBDIR_value=
ac_cv_env_PKG_CONFIG_PATH_set=
ac_cv_env_PKG_CONFIG_PATH_value=
ac_cv_env_PKG_CONFIG_set=
ac_cv_env_PKG_CONFIG_value=
ac_cv_env_SQLITE3_CFLAGS_set=
ac_cv_env_SQLITE3_CFLAGS_value=
ac_cv_env_SQLITE3_LIBS_set=
ac_cv_env_SQLITE3_LIBS_value=
ac_cv_env_UNICODE_CFLAGS_set=
ac_cv_env_UNICODE_CFLAGS_value=
ac_cv_env_UNICODE_LIBS_set=
ac_cv_env_UNICODE_LIBS_value=
ac_cv_env_XT_CFLAGS_set=
ac_cv_env_XT_CFLAGS_value=
ac_cv_env_XT_LIBS_set=
ac_cv_env_XT_LIBS_value=
ac_cv_env_ZLIB_CFLAGS_set=
ac_cv_env_ZLIB_CFLAGS_value=
ac_cv_env_ZLIB_LIBS_set=
ac_cv_env_ZLIB_LIBS_value=
ac_cv_env_build_alias_set=
ac_cv_env_build_alias_value=
ac_cv_env_host_alias_set=
ac_cv_env_host_alias_value=
ac_cv_env_target_alias_set=
ac_cv_env_target_alias_value=
ac_cv_host=i686-pc-linux-gnu
ac_cv_path_install='/usr/bin/install -c'
ac_cv_path_mkdir=/bin/mkdir
ac_cv_prog_AWK=gawk
ac_cv_prog_make_make_set=yes

## ----------------- ##
## Output variables. ##
## ----------------- ##

ACLOCAL=''
ACLOCAL_AMFLAGS='-I Source/autotools'
AMDEPBACKSLASH=''
AMDEP_FALSE=''
AMDEP_TRUE=''
AMTAR=''
AM_BACKSLASH=''
AM_DEFAULT_V=''
AM_DEFAULT_VERBOSITY=''
AM_V=''
AR=''
AS=''
AUTOCONF=''
AUTOHEADER=''
AUTOMAKE=''
AWK='gawk'
BISON=''
CAIRO_CFLAGS=''
CAIRO_LIBS=''
CC=''
CCDEPMODE=''
CFLAGS=''
COVERAGE_CFLAGS=''
COVERAGE_LDFLAGS=''
CPP=''
CPPFLAGS=''
CXX=''
CXXCPP=''
CXXDEPMODE=''
CXXFLAGS=''
CYGPATH_W=''
DEFS=''
DEPDIR=''
DLLTOOL=''
DOLT_BASH=''
DSYMUTIL=''
DUMPBIN=''
ECHO_C=''
ECHO_N='-n'
ECHO_T=''
EGREP=''
ENABLE_3D_RENDERING_FALSE=''
ENABLE_3D_RENDERING_TRUE=''
ENABLE_ANIMATION_API_FALSE=''
ENABLE_ANIMATION_API_TRUE=''
ENABLE_BLOB_FALSE=''
ENABLE_BLOB_TRUE=''
ENABLE_CHANNEL_MESSAGING_FALSE=''
ENABLE_CHANNEL_MESSAGING_TRUE=''
ENABLE_CLIENT_BASED_GEOLOCATION_FALSE=''
ENABLE_CLIENT_BASED_GEOLOCATION_TRUE=''
ENABLE_COVERAGE_FALSE=''
ENABLE_COVERAGE_TRUE=''
ENABLE_DATAGRID_FALSE=''
ENABLE_DATAGRID_TRUE=''
ENABLE_DATALIST_FALSE=''
ENABLE_DATALIST_TRUE=''
ENABLE_DATA_TRANSFER_ITEMS_FALSE=''
ENABLE_DATA_TRANSFER_ITEMS_TRUE=''
ENABLE_DEBUG_FALSE=''
ENABLE_DEBUG_TRUE=''
ENABLE_DETAILS_FALSE=''
ENABLE_DETAILS_TRUE=''
ENABLE_DEVICE_ORIENTATION_FALSE=''
ENABLE_DEVICE_ORIENTATION_TRUE=''
ENABLE_DIRECTORY_UPLOAD_FALSE=''
ENABLE_DIRECTORY_UPLOAD_TRUE=''
ENABLE_DOM_STORAGE_FALSE=''
ENABLE_DOM_STORAGE_TRUE=''
ENABLE_ELIS_MEDIA_FALSE=''
ENABLE_ELIS_MEDIA_TRUE=''
ENABLE_FAST_MALLOC_FALSE=''
ENABLE_FAST_MALLOC_TRUE=''
ENABLE_FAST_MOBILE_SCROLLING_FALSE=''
ENABLE_FAST_MOBILE_SCROLLING_TRUE=''
ENABLE_FILE_SYSTEM_FALSE=''
ENABLE_FILE_SYSTEM_TRUE=''
ENABLE_FILTERS_FALSE=''
ENABLE_FILTERS_TRUE=''
ENABLE_FULLSCREEN_API_FALSE=''
ENABLE_FULLSCREEN_API_TRUE=''
ENABLE_GEOLOCATION_FALSE=''
ENABLE_GEOLOCATION_TRUE=''
ENABLE_ICONDATABASE_FALSE=''
ENABLE_ICONDATABASE_TRUE=''
ENABLE_IMAGE_RESIZER_FALSE=''
ENABLE_IMAGE_RESIZER_TRUE=''
ENABLE_INDEXED_DATABASE_FALSE=''
ENABLE_INDEXED_DATABASE_TRUE=''
ENABLE_INPUT_COLOR_FALSE=''
ENABLE_INPUT_COLOR_TRUE=''
ENABLE_INPUT_SPEECH_FALSE=''
ENABLE_INPUT_SPEECH_TRUE=''
ENABLE_INTROSPECTION_FALSE=''
ENABLE_INTROSPECTION_TRUE=''
ENABLE_JAVASCRIPT_DEBUGGER_FALSE=''
ENABLE_JAVASCRIPT_DEBUGGER_TRUE=''
ENABLE_MATHML_FALSE=''
ENABLE_MATHML_TRUE=''
ENABLE_MEDIA_SOURCE_FALSE=''
ENABLE_MEDIA_SOURCE_TRUE=''
ENABLE_MEDIA_STATISTICS_FALSE=''
ENABLE_MEDIA_STATISTICS_TRUE=''
ENABLE_MEDIA_STREAM_FALSE=''
ENABLE_MEDIA_STREAM_TRUE=''
ENABLE_METER_TAG_FALSE=''
ENABLE_METER_TAG_TRUE=''
ENABLE_MHTML_FALSE=''
ENABLE_MHTML_TRUE=''
ENABLE_NOTIFICATIONS_FALSE=''
ENABLE_NOTIFICATIONS_TRUE=''
ENABLE_OFFLINE_WEB_APPLICATIONS_FALSE=''
ENABLE_OFFLINE_WEB_APPLICATIONS_TRUE=''
ENABLE_OPCODE_STATS_FALSE=''
ENABLE_OPCODE_STATS_TRUE=''
ENABLE_ORIENTATION_EVENTS_FALSE=''
ENABLE_ORIENTATION_EVENTS_TRUE=''
ENABLE_PAGE_VISIBILITY_API_FALSE=''
ENABLE_PAGE_VISIBILITY_API_TRUE=''
ENABLE_PLUGIN_PROCESS_FALSE=''
ENABLE_PLUGIN_PROCESS_TRUE=''
ENABLE_PROGRESS_TAG_FALSE=''
ENABLE_PROGRESS_TAG_TRUE=''
ENABLE_QUOTA_FALSE=''
ENABLE_QUOTA_TRUE=''
ENABLE_REGISTER_PROTOCOL_HANDLER_FALSE=''
ENABLE_REGISTER_PROTOCOL_HANDLER_TRUE=''
ENABLE_SHARED_WORKERS_FALSE=''
ENABLE_SHARED_WORKERS_TRUE=''
ENABLE_SPELLCHECK_FALSE=''
ENABLE_SPELLCHECK_TRUE=''
ENABLE_SQL_DATABASE_FALSE=''
ENABLE_SQL_DATABASE_TRUE=''
ENABLE_SVG_FALSE=''
ENABLE_SVG_FONTS_FALSE=''
ENABLE_SVG_FONTS_TRUE=''
ENABLE_SVG_TRUE=''
ENABLE_TOUCH_ICON_LOADING_FALSE=''
ENABLE_TOUCH_ICON_LOADING_TRUE=''
ENABLE_VIDEO_FALSE=''
ENABLE_VIDEO_TRACK_FALSE=''
ENABLE_VIDEO_TRACK_TRUE=''
ENABLE_VIDEO_TRUE=''
ENABLE_WCSS_FALSE=''
ENABLE_WCSS_TRUE=''
ENABLE_WEBGL_FALSE=''
ENABLE_WEBGL_TRUE=''
ENABLE_WEBKIT2_FALSE=''
ENABLE_WEBKIT2_TRUE=''
ENABLE_WEB_AUDIO_FALSE=''
ENABLE_WEB_AUDIO_TRUE=''
ENABLE_WEB_SOCKETS_FALSE=''
ENABLE_WEB_SOCKETS_TRUE=''
ENABLE_WEB_TIMING_FALSE=''
ENABLE_WEB_TIMING_TRUE=''
ENABLE_WORKERS_FALSE=''
ENABLE_WORKERS_TRUE=''
ENABLE_XHTMLMP_FALSE=''
ENABLE_XHTMLMP_TRUE=''
ENABLE_XPATH_FALSE=''
ENABLE_XPATH_TRUE=''
ENABLE_XSLT_FALSE=''
ENABLE_XSLT_TRUE=''
ENCHANT_CFLAGS=''
ENCHANT_LIBS=''
EXEEXT=''
FGREP=''
FLEX=''
FREETYPE_CFLAGS=''
FREETYPE_LIBS=''
GAIL_CFLAGS=''
GAIL_LIBS=''
GEOCLUE_CFLAGS=''
GEOCLUE_LIBS=''
GETTEXT_PACKAGE=''
GLIB_CFLAGS=''
GLIB_COMPILE_RESOURCES=''
GLIB_COMPILE_SCHEMAS=''
GLIB_GENMARSHAL=''
GLIB_LIBS=''
GLIB_MKENUMS=''
GOBJECT_QUERY=''
GPERF=''
GREP=''
GSETTINGS_DISABLE_SCHEMAS_COMPILE=''
GSETTINGS_RULES=''
GTK2_CFLAGS=''
GTK2_LIBS=''
GTK_API_VERSION=''
GTK_API_VERSION_2_FALSE=''
GTK_API_VERSION_2_TRUE=''
GTK_CFLAGS=''
GTK_LIBS=''
G_IR_COMPILER=''
G_IR_GENERATE=''
G_IR_SCANNER=''
HILDON_CFLAGS=''
HILDON_CPPFLAGS=''
HILDON_LIBS=''
HTML_FLAGS_FALSE=''
HTML_FLAGS_TRUE=''
INSTALL_DATA='${INSTALL} -m 644'
INSTALL_PROGRAM='${INSTALL}'
INSTALL_SCRIPT='${INSTALL}'
INSTALL_STRIP_PROGRAM='$(install_sh) -c -s'
INTROSPECTION_CFLAGS=''
INTROSPECTION_LIBS=''
JPEG_LIBS=''
LD=''
LDFLAGS=''
LIBOBJS=''
LIBS=''
LIBSOUP_CFLAGS=''
LIBSOUP_LIBS=''
LIBTOOL=''
LIBWEBKITGTK_VERSION='11:0:11'
LIBXML_CFLAGS=''
LIBXML_LIBS=''
LIBXSLT_CFLAGS=''
LIBXSLT_LIBS=''
LIPO=''
LN_S=''
LTCOMPILE=''
LTCXXCOMPILE=''
LTLIBOBJS=''
MAKEINFO=''
MANIFEST_TOOL=''
MKDIR_P='/bin/mkdir -p'
MV=''
NM=''
NMEDIT=''
OBJDUMP=''
OBJEXT=''
OLE32_LIBS=''
OPENGL_LIBS=''
OS_FREEBSD_FALSE=''
OS_FREEBSD_TRUE=''
OS_GNU_FALSE=''
OS_GNU_TRUE=''
OS_LINUX_FALSE=''
OS_LINUX_TRUE=''
OS_UNIX_FALSE=''
OS_UNIX_TRUE=''
OS_WIN32_FALSE=''
OS_WIN32_TRUE=''
OTOOL64=''
OTOOL=''
PACKAGE=''
PACKAGE_BUGREPORT='http://bugs.webkit.org/'
PACKAGE_NAME='WebKit'
PACKAGE_STRING='WebKit 1.6.1'
PACKAGE_TARNAME='webkit'
PACKAGE_URL=''
PACKAGE_VERSION='1.6.1'
PANGO_CFLAGS=''
PANGO_LIBS=''
PATH_SEPARATOR=':'
PERL=''
PKG_CONFIG=''
PKG_CONFIG_LIBDIR=''
PKG_CONFIG_PATH=''
PNG_LIBS=''
PYTHON=''
RANLIB=''
SED=''
SET_MAKE=''
SHELL='/bin/sh'
SHLWAPI_LIBS=''
SQLITE3_CFLAGS=''
SQLITE3_LIBS=''
STRIP=''
SVG_FLAGS_FALSE=''
SVG_FLAGS_TRUE=''
SYMBOL_VISIBILITY=''
SYMBOL_VISIBILITY_INLINES=''
TARGET_DIRECTFB_FALSE=''
TARGET_DIRECTFB_TRUE=''
TARGET_QUARTZ_FALSE=''
TARGET_QUARTZ_TRUE=''
TARGET_WIN32_FALSE=''
TARGET_WIN32_TRUE=''
TARGET_X11_FALSE=''
TARGET_X11_TRUE=''
UNICODE_CFLAGS=''
UNICODE_LIBS=''
USE_FREETYPE_FALSE=''
USE_FREETYPE_TRUE=''
USE_GLIB_UNICODE_FALSE=''
USE_GLIB_UNICODE_TRUE=''
USE_GSTREAMER_FALSE=''
USE_GSTREAMER_TRUE=''
USE_ICU_UNICODE_FALSE=''
USE_ICU_UNICODE_TRUE=''
USE_PANGO_FALSE=''
USE_PANGO_TRUE=''
VERSION=''
WEBKITGTK_API_MAJOR_VERSION=''
WEBKITGTK_API_MINOR_VERSION=''
WEBKITGTK_API_VERSION=''
WEBKITGTK_PC_NAME=''
WEBKIT_MAJOR_VERSION='1'
WEBKIT_MICRO_VERSION='1'
WEBKIT_MINOR_VERSION='6'
WEBKIT_USER_AGENT_MAJOR_VERSION='535'
WEBKIT_USER_AGENT_MINOR_VERSION='4'
WINMM_LIBS=''
XT_CFLAGS=''
XT_LIBS=''
ZLIB_CFLAGS=''
ZLIB_LIBS=''
ac_ct_AR=''
ac_ct_CC=''
ac_ct_CXX=''
ac_ct_DUMPBIN=''
am__EXEEXT_FALSE=''
am__EXEEXT_TRUE=''
am__fastdepCC_FALSE=''
am__fastdepCC_TRUE=''
am__fastdepCXX_FALSE=''
am__fastdepCXX_TRUE=''
am__include=''
am__isrc=' -I$(srcdir)'
am__leading_dot='.'
am__nodep=''
am__quote=''
am__tar=''
am__untar=''
bindir='${exec_prefix}/bin'
build='i686-pc-linux-gnu'
build_alias=''
build_cpu='i686'
build_os='linux-gnu'
build_vendor='pc'
datadir='${datarootdir}'
datarootdir='${prefix}/share'
docdir='${datarootdir}/doc/${PACKAGE_TARNAME}'
dvidir='${docdir}'
exec_prefix='NONE'
gsettingsschemadir=''
host='i686-pc-linux-gnu'
host_alias=''
host_cpu='i686'
host_os='linux-gnu'
host_vendor='pc'
htmldir='${docdir}'
icu_config=''
includedir='${prefix}/include'
infodir='${datarootdir}/info'
install_sh='${SHELL} /media/Extend/works/webkitgtk/Webkit-r95199/Source/autotools/install-sh'
libdir='${exec_prefix}/lib'
libexecdir='${exec_prefix}/libexec'
localedir='${datarootdir}/locale'
localstatedir='${prefix}/var'
mandir='${datarootdir}/man'
mkdir_p='/bin/mkdir -p'
oldincludedir='/usr/include'
pdfdir='${docdir}'
prefix='NONE'
program_transform_name='s,x,x,'
psdir='${docdir}'
sbindir='${exec_prefix}/sbin'
sharedstatedir='${prefix}/com'
sysconfdir='${prefix}/etc'
target_alias=''

## ----------- ##
## confdefs.h. ##
## ----------- ##

/* confdefs.h */
#define PACKAGE_NAME "WebKit"
#define PACKAGE_TARNAME "webkit"
#define PACKAGE_VERSION "1.6.1"
#define PACKAGE_STRING "WebKit 1.6.1"
#define PACKAGE_BUGREPORT "http://bugs.webkit.org/"
#define PACKAGE_URL ""

configure: exit 1
